<?xml version="1.0" encoding="UTF-8"?>
<!-- Generated by org.testng.reporters.JUnitXMLReporter -->
<testsuite ignored="0" hostname="LAPTOP-RJ9EV7JT" failures="1" tests="2" name="ChromeTest" time="49.499" errors="0" timestamp="2023-04-05T14:47:05 IST">
  <testcase classname="TestNgPackForLacoste.VerifyWelComePage" name="@AfterMethod GoToMainPage" time="0.002">
    <failure type="java.lang.NullPointerException" message="Cannot invoke &amp;quot;String.equals(Object)&amp;quot; because &amp;quot;this.BrowserName&amp;quot; is null">
      <![CDATA[java.lang.NullPointerException: Cannot invoke "String.equals(Object)" because "this.BrowserName" is null
at TestNgPackForLacoste.VerifyWelComePage.GoToMainPage(VerifyWelComePage.java:90)
at java.base/java.util.concurrent.ThreadPoolExecutor.runWorker(ThreadPoolExecutor.java:1136)
at java.base/java.util.concurrent.ThreadPoolExecutor$Worker.run(ThreadPoolExecutor.java:635)
at java.base/java.lang.Thread.run(Thread.java:833)
... Removed 15 stack frames]]>
    </failure>
  </testcase> <!-- @AfterMethod GoToMainPage -->
  <testcase classname="TestNgPackForLacoste.VerifyWelComePage" name="@AfterClass OpenMainPage" time="-1.680686218572E9">
    <skipped/>
  </testcase> <!-- @AfterClass OpenMainPage -->
  <testcase classname="TestNgPackForLacoste.VerifyWelComePage" name="VerifyForHerButtonOnWelComePage" time="2.868">
    <failure type="java.lang.AssertionError" message="expected [https://www.lacoste.in/shop-by-category/clothing/sweatshirts/women-sweatshirt.html] but found [https://www.lacoste.in/shop-by-category/clothing/sweatshirt/women-sweatshirt.html]">
      <![CDATA[java.lang.AssertionError: expected [https://www.lacoste.in/shop-by-category/clothing/sweatshirts/women-sweatshirt.html] but found [https://www.lacoste.in/shop-by-category/clothing/sweatshirt/women-sweatshirt.html]
at TestNgPackForLacoste.VerifyWelComePage.VerifyForHerButtonOnWelComePage(VerifyWelComePage.java:75)
at java.base/java.util.concurrent.ThreadPoolExecutor.runWorker(ThreadPoolExecutor.java:1136)
at java.base/java.util.concurrent.ThreadPoolExecutor$Worker.run(ThreadPoolExecutor.java:635)
at java.base/java.lang.Thread.run(Thread.java:833)
... Removed 16 stack frames]]>
    </failure>
  </testcase> <!-- VerifyForHerButtonOnWelComePage -->
  <testcase classname="TestNgPackForLacoste.VerifyMainPage" name="VerifyTittlePresentOnTheMainPage" time="9.226"/>
</testsuite> <!-- ChromeTest -->
